2016-08-19 22:20:07,315 ERROR [Worker-3] - Statistics - Statistics file `/Users/Aurora/.scalaide/statistics` is corrupted. A new one is being created. Corrupted content was:

com.cedarsoftware.util.io.JsonIoException: error parsing JSON value
	at com.cedarsoftware.util.io.JsonReader.readObject(JsonReader.java:529)
	at com.cedarsoftware.util.io.JsonReader.jsonToJava(JsonReader.java:289)
	at com.cedarsoftware.util.io.JsonReader.jsonToJava(JsonReader.java:262)
	at org.scalaide.core.internal.statistics.Statistics.org$scalaide$core$internal$statistics$Statistics$$read(Statistics.scala:74)
	at org.scalaide.core.internal.statistics.Statistics$$anonfun$readStats$1.apply(Statistics.scala:52)
	at org.scalaide.core.internal.statistics.Statistics$$anonfun$readStats$1.apply(Statistics.scala:51)
	at org.scalaide.core.ScalaIdeDataStore$$anonfun$validate$2.apply(ScalaIdeDataStore.scala:59)
	at org.scalaide.util.eclipse.EclipseUtils$$anon$3.run(EclipseUtils.scala:214)
	at org.eclipse.core.runtime.SafeRunner.run(SafeRunner.java:42)
	at org.scalaide.util.eclipse.EclipseUtils$.withSafeRunner(EclipseUtils.scala:210)
	at org.scalaide.core.ScalaIdeDataStore$.validate(ScalaIdeDataStore.scala:58)
	at org.scalaide.core.internal.statistics.Statistics.readStats(Statistics.scala:51)
	at org.scalaide.core.internal.statistics.Statistics.<init>(Statistics.scala:30)
	at org.scalaide.core.internal.ScalaPlugin.stats$lzycompute(ScalaPlugin.scala:135)
	at org.scalaide.core.internal.ScalaPlugin.stats(ScalaPlugin.scala:135)
	at org.scalaide.core.internal.ScalaPlugin.statistics(ScalaPlugin.scala:138)
	at org.scalaide.core.internal.ScalaPlugin.start(ScalaPlugin.scala:109)
	at org.eclipse.osgi.internal.framework.BundleContextImpl$3.run(BundleContextImpl.java:771)
	at org.eclipse.osgi.internal.framework.BundleContextImpl$3.run(BundleContextImpl.java:1)
	at java.security.AccessController.doPrivileged(Native Method)
	at org.eclipse.osgi.internal.framework.BundleContextImpl.startActivator(BundleContextImpl.java:764)
	at org.eclipse.osgi.internal.framework.BundleContextImpl.start(BundleContextImpl.java:721)
	at org.eclipse.osgi.internal.framework.EquinoxBundle.startWorker0(EquinoxBundle.java:936)
	at org.eclipse.osgi.internal.framework.EquinoxBundle$EquinoxModule.startWorker(EquinoxBundle.java:319)
	at org.eclipse.osgi.container.Module.doStart(Module.java:571)
	at org.eclipse.osgi.container.Module.start(Module.java:439)
	at org.eclipse.osgi.framework.util.SecureAction.start(SecureAction.java:454)
	at org.eclipse.osgi.internal.hooks.EclipseLazyStarter.postFindLocalClass(EclipseLazyStarter.java:107)
	at org.eclipse.osgi.internal.loader.classpath.ClasspathManager.findLocalClass(ClasspathManager.java:531)
	at org.eclipse.osgi.internal.loader.ModuleClassLoader.findLocalClass(ModuleClassLoader.java:324)
	at org.eclipse.osgi.internal.loader.BundleLoader.findLocalClass(BundleLoader.java:320)
	at org.eclipse.osgi.internal.loader.sources.SingleSourcePackage.loadClass(SingleSourcePackage.java:36)
	at org.eclipse.osgi.internal.loader.BundleLoader.findClassInternal(BundleLoader.java:391)
	at org.eclipse.osgi.internal.loader.BundleLoader.findClass(BundleLoader.java:345)
	at org.eclipse.osgi.internal.loader.BundleLoader.findClass(BundleLoader.java:337)
	at org.eclipse.osgi.internal.loader.ModuleClassLoader.loadClass(ModuleClassLoader.java:160)
	at java.lang.ClassLoader.loadClass(ClassLoader.java:358)
	at org.scalaide.debug.internal.ScalaDebugger$.init(ScalaDebugger.scala:66)
	at org.scalaide.debug.internal.ScalaDebugPlugin.start(ScalaDebugPlugin.scala:30)
	at org.eclipse.osgi.internal.framework.BundleContextImpl$3.run(BundleContextImpl.java:771)
	at org.eclipse.osgi.internal.framework.BundleContextImpl$3.run(BundleContextImpl.java:1)
	at java.security.AccessController.doPrivileged(Native Method)
	at org.eclipse.osgi.internal.framework.BundleContextImpl.startActivator(BundleContextImpl.java:764)
	at org.eclipse.osgi.internal.framework.BundleContextImpl.start(BundleContextImpl.java:721)
	at org.eclipse.osgi.internal.framework.EquinoxBundle.startWorker0(EquinoxBundle.java:936)
	at org.eclipse.osgi.internal.framework.EquinoxBundle$EquinoxModule.startWorker(EquinoxBundle.java:319)
	at org.eclipse.osgi.container.Module.doStart(Module.java:571)
	at org.eclipse.osgi.container.Module.start(Module.java:439)
	at org.eclipse.osgi.framework.util.SecureAction.start(SecureAction.java:454)
	at org.eclipse.osgi.internal.hooks.EclipseLazyStarter.postFindLocalClass(EclipseLazyStarter.java:107)
	at org.eclipse.osgi.internal.loader.classpath.ClasspathManager.findLocalClass(ClasspathManager.java:531)
	at org.eclipse.osgi.internal.loader.ModuleClassLoader.findLocalClass(ModuleClassLoader.java:324)
	at org.eclipse.osgi.internal.loader.BundleLoader.findLocalClass(BundleLoader.java:320)
	at org.eclipse.osgi.internal.loader.BundleLoader.findClassInternal(BundleLoader.java:395)
	at org.eclipse.osgi.internal.loader.BundleLoader.findClass(BundleLoader.java:345)
	at org.eclipse.osgi.internal.loader.BundleLoader.findClass(BundleLoader.java:337)
	at org.eclipse.osgi.internal.loader.ModuleClassLoader.loadClass(ModuleClassLoader.java:160)
	at java.lang.ClassLoader.loadClass(ClassLoader.java:358)
	at org.eclipse.osgi.internal.framework.EquinoxBundle.loadClass(EquinoxBundle.java:568)
	at org.eclipse.core.internal.registry.osgi.RegistryStrategyOSGI.createExecutableExtension(RegistryStrategyOSGI.java:174)
	at org.eclipse.core.internal.registry.ExtensionRegistry.createExecutableExtension(ExtensionRegistry.java:905)
	at org.eclipse.core.internal.registry.ConfigurationElement.createExecutableExtension(ConfigurationElement.java:243)
	at org.eclipse.core.internal.registry.ConfigurationElementHandle.createExecutableExtension(ConfigurationElementHandle.java:55)
	at org.eclipse.ui.internal.WorkbenchPlugin$1.run(WorkbenchPlugin.java:294)
	at org.eclipse.swt.custom.BusyIndicator.showWhile(BusyIndicator.java:52)
	at org.eclipse.ui.internal.WorkbenchPlugin.createExtension(WorkbenchPlugin.java:289)
	at org.eclipse.ui.internal.EarlyStartupRunnable.getExecutableExtension(EarlyStartupRunnable.java:119)
	at org.eclipse.ui.internal.EarlyStartupRunnable.run(EarlyStartupRunnable.java:67)
	at org.eclipse.core.runtime.SafeRunner.run(SafeRunner.java:42)
	at org.eclipse.ui.internal.Workbench$56.run(Workbench.java:2755)
	at org.eclipse.core.internal.jobs.Worker.run(Worker.java:54)
Caused by: com.cedarsoftware.util.io.JsonIoException: EOF reached prematurely
	at com.cedarsoftware.util.io.JsonParser.error(JsonParser.java:584)
	at com.cedarsoftware.util.io.JsonParser.readValue(JsonParser.java:278)
	at com.cedarsoftware.util.io.JsonReader.readObject(JsonReader.java:521)
	... 70 more
2016-08-19 22:21:04,876  WARN [ModalContext] - ScalaProject - Project SparkStreamingExamples has platform default sourceLevel.
2016-08-19 22:21:04,877  WARN [ModalContext] - ScalaProject - Project SparkStreamingExamples runs on platform default installation.
2016-08-19 22:21:05,250  WARN [Worker-3] - ScalaProject - Project SparkStreamingExamples has platform default sourceLevel.
2016-08-19 22:21:05,251  WARN [Worker-3] - ScalaProject - Project SparkStreamingExamples runs on platform default installation.
2016-08-19 22:22:06,475  WARN [ModalContext] - ScalaProject - Project SparkStreamExamples has platform default sourceLevel.
2016-08-19 22:22:06,475  WARN [ModalContext] - ScalaProject - Project SparkStreamExamples runs on platform default installation.
2016-08-19 22:22:06,701  WARN [Worker-3] - ScalaProject - Project SparkStreamExamples has platform default sourceLevel.
2016-08-19 22:22:06,702  WARN [Worker-3] - ScalaProject - Project SparkStreamExamples runs on platform default installation.
2016-08-19 22:22:53,557 ERROR [Worker-0] - Statistics - Statistics file `/Users/Aurora/.scalaide/statistics` is corrupted. A new one is being created. Corrupted content was:

com.cedarsoftware.util.io.JsonIoException: error parsing JSON value
	at com.cedarsoftware.util.io.JsonReader.readObject(JsonReader.java:529)
	at com.cedarsoftware.util.io.JsonReader.jsonToJava(JsonReader.java:289)
	at com.cedarsoftware.util.io.JsonReader.jsonToJava(JsonReader.java:262)
	at org.scalaide.core.internal.statistics.Statistics.org$scalaide$core$internal$statistics$Statistics$$read(Statistics.scala:74)
	at org.scalaide.core.internal.statistics.Statistics$$anonfun$readStats$1.apply(Statistics.scala:52)
	at org.scalaide.core.internal.statistics.Statistics$$anonfun$readStats$1.apply(Statistics.scala:51)
	at org.scalaide.core.ScalaIdeDataStore$$anonfun$validate$2.apply(ScalaIdeDataStore.scala:59)
	at org.scalaide.util.eclipse.EclipseUtils$$anon$3.run(EclipseUtils.scala:214)
	at org.eclipse.core.runtime.SafeRunner.run(SafeRunner.java:42)
	at org.scalaide.util.eclipse.EclipseUtils$.withSafeRunner(EclipseUtils.scala:210)
	at org.scalaide.core.ScalaIdeDataStore$.validate(ScalaIdeDataStore.scala:58)
	at org.scalaide.core.internal.statistics.Statistics.readStats(Statistics.scala:51)
	at org.scalaide.core.internal.statistics.Statistics.<init>(Statistics.scala:30)
	at org.scalaide.core.internal.ScalaPlugin.stats$lzycompute(ScalaPlugin.scala:135)
	at org.scalaide.core.internal.ScalaPlugin.stats(ScalaPlugin.scala:135)
	at org.scalaide.core.internal.ScalaPlugin.statistics(ScalaPlugin.scala:138)
	at org.scalaide.core.internal.ScalaPlugin.start(ScalaPlugin.scala:109)
	at org.eclipse.osgi.internal.framework.BundleContextImpl$3.run(BundleContextImpl.java:771)
	at org.eclipse.osgi.internal.framework.BundleContextImpl$3.run(BundleContextImpl.java:1)
	at java.security.AccessController.doPrivileged(Native Method)
	at org.eclipse.osgi.internal.framework.BundleContextImpl.startActivator(BundleContextImpl.java:764)
	at org.eclipse.osgi.internal.framework.BundleContextImpl.start(BundleContextImpl.java:721)
	at org.eclipse.osgi.internal.framework.EquinoxBundle.startWorker0(EquinoxBundle.java:936)
	at org.eclipse.osgi.internal.framework.EquinoxBundle$EquinoxModule.startWorker(EquinoxBundle.java:319)
	at org.eclipse.osgi.container.Module.doStart(Module.java:571)
	at org.eclipse.osgi.container.Module.start(Module.java:439)
	at org.eclipse.osgi.framework.util.SecureAction.start(SecureAction.java:454)
	at org.eclipse.osgi.internal.hooks.EclipseLazyStarter.postFindLocalClass(EclipseLazyStarter.java:107)
	at org.eclipse.osgi.internal.loader.classpath.ClasspathManager.findLocalClass(ClasspathManager.java:531)
	at org.eclipse.osgi.internal.loader.ModuleClassLoader.findLocalClass(ModuleClassLoader.java:324)
	at org.eclipse.osgi.internal.loader.BundleLoader.findLocalClass(BundleLoader.java:320)
	at org.eclipse.osgi.internal.loader.sources.SingleSourcePackage.loadClass(SingleSourcePackage.java:36)
	at org.eclipse.osgi.internal.loader.BundleLoader.findClassInternal(BundleLoader.java:391)
	at org.eclipse.osgi.internal.loader.BundleLoader.findClass(BundleLoader.java:345)
	at org.eclipse.osgi.internal.loader.BundleLoader.findClass(BundleLoader.java:337)
	at org.eclipse.osgi.internal.loader.ModuleClassLoader.loadClass(ModuleClassLoader.java:160)
	at java.lang.ClassLoader.loadClass(ClassLoader.java:358)
	at org.scalaide.debug.internal.ScalaDebugger$.init(ScalaDebugger.scala:66)
	at org.scalaide.debug.internal.ScalaDebugPlugin.start(ScalaDebugPlugin.scala:30)
	at org.eclipse.osgi.internal.framework.BundleContextImpl$3.run(BundleContextImpl.java:771)
	at org.eclipse.osgi.internal.framework.BundleContextImpl$3.run(BundleContextImpl.java:1)
	at java.security.AccessController.doPrivileged(Native Method)
	at org.eclipse.osgi.internal.framework.BundleContextImpl.startActivator(BundleContextImpl.java:764)
	at org.eclipse.osgi.internal.framework.BundleContextImpl.start(BundleContextImpl.java:721)
	at org.eclipse.osgi.internal.framework.EquinoxBundle.startWorker0(EquinoxBundle.java:936)
	at org.eclipse.osgi.internal.framework.EquinoxBundle$EquinoxModule.startWorker(EquinoxBundle.java:319)
	at org.eclipse.osgi.container.Module.doStart(Module.java:571)
	at org.eclipse.osgi.container.Module.start(Module.java:439)
	at org.eclipse.osgi.framework.util.SecureAction.start(SecureAction.java:454)
	at org.eclipse.osgi.internal.hooks.EclipseLazyStarter.postFindLocalClass(EclipseLazyStarter.java:107)
	at org.eclipse.osgi.internal.loader.classpath.ClasspathManager.findLocalClass(ClasspathManager.java:531)
	at org.eclipse.osgi.internal.loader.ModuleClassLoader.findLocalClass(ModuleClassLoader.java:324)
	at org.eclipse.osgi.internal.loader.BundleLoader.findLocalClass(BundleLoader.java:320)
	at org.eclipse.osgi.internal.loader.BundleLoader.findClassInternal(BundleLoader.java:395)
	at org.eclipse.osgi.internal.loader.BundleLoader.findClass(BundleLoader.java:345)
	at org.eclipse.osgi.internal.loader.BundleLoader.findClass(BundleLoader.java:337)
	at org.eclipse.osgi.internal.loader.ModuleClassLoader.loadClass(ModuleClassLoader.java:160)
	at java.lang.ClassLoader.loadClass(ClassLoader.java:358)
	at org.eclipse.osgi.internal.framework.EquinoxBundle.loadClass(EquinoxBundle.java:568)
	at org.eclipse.core.internal.registry.osgi.RegistryStrategyOSGI.createExecutableExtension(RegistryStrategyOSGI.java:174)
	at org.eclipse.core.internal.registry.ExtensionRegistry.createExecutableExtension(ExtensionRegistry.java:905)
	at org.eclipse.core.internal.registry.ConfigurationElement.createExecutableExtension(ConfigurationElement.java:243)
	at org.eclipse.core.internal.registry.ConfigurationElementHandle.createExecutableExtension(ConfigurationElementHandle.java:55)
	at org.eclipse.ui.internal.WorkbenchPlugin$1.run(WorkbenchPlugin.java:294)
	at org.eclipse.swt.custom.BusyIndicator.showWhile(BusyIndicator.java:52)
	at org.eclipse.ui.internal.WorkbenchPlugin.createExtension(WorkbenchPlugin.java:289)
	at org.eclipse.ui.internal.EarlyStartupRunnable.getExecutableExtension(EarlyStartupRunnable.java:119)
	at org.eclipse.ui.internal.EarlyStartupRunnable.run(EarlyStartupRunnable.java:67)
	at org.eclipse.core.runtime.SafeRunner.run(SafeRunner.java:42)
	at org.eclipse.ui.internal.Workbench$56.run(Workbench.java:2755)
	at org.eclipse.core.internal.jobs.Worker.run(Worker.java:54)
Caused by: com.cedarsoftware.util.io.JsonIoException: EOF reached prematurely
	at com.cedarsoftware.util.io.JsonParser.error(JsonParser.java:584)
	at com.cedarsoftware.util.io.JsonParser.readValue(JsonParser.java:278)
	at com.cedarsoftware.util.io.JsonReader.readObject(JsonReader.java:521)
	... 70 more
2016-08-19 22:23:52,606  WARN [Worker-2] - ScalaProject - Project SparkStreamingExamples has platform default sourceLevel.
2016-08-19 22:23:52,607  WARN [Worker-2] - ScalaProject - Project SparkStreamingExamples runs on platform default installation.
2016-08-19 22:23:52,713  WARN [Worker-2] - ScalaProject - Project SparkStreamExamples has platform default sourceLevel.
2016-08-19 22:23:52,713  WARN [Worker-2] - ScalaProject - Project SparkStreamExamples runs on platform default installation.
2016-08-19 22:25:36,316  WARN [Worker-1] - ScalaProject - Project SparkStreamingExamples has platform default sourceLevel.
2016-08-19 22:25:36,317  WARN [Worker-1] - ScalaProject - Project SparkStreamingExamples runs on platform default installation.
2016-08-19 22:25:36,390  WARN [Worker-1] - ScalaProject - Project SparkStreamingExamples has platform default sourceLevel.
2016-08-19 22:25:36,391  WARN [Worker-1] - ScalaProject - Project SparkStreamingExamples runs on platform default installation.
2016-08-19 22:27:32,367  WARN [Worker-6] - ScalaProject - Project SparkStreamingExamples has platform default sourceLevel.
2016-08-19 22:27:32,367  WARN [Worker-6] - ScalaProject - Project SparkStreamingExamples runs on platform default installation.
2016-08-19 22:27:32,789  WARN [Java indexing] - ScalaProject - Project SparkStreamingExamples has platform default sourceLevel.
2016-08-19 22:27:32,789  WARN [Java indexing] - ScalaProject - Project SparkStreamingExamples runs on platform default installation.
2016-08-19 22:30:14,141  WARN [Worker-7] - ScalaProject - Project SparkStreamingExamples has platform default sourceLevel.
2016-08-19 22:30:14,149  WARN [Worker-7] - ScalaProject - Project SparkStreamingExamples runs on platform default installation.
2016-08-19 22:30:14,310  WARN [Worker-6] - ScalaProject - Project SparkStreamingExamples has platform default sourceLevel.
2016-08-19 22:30:14,310  WARN [Worker-6] - ScalaProject - Project SparkStreamingExamples runs on platform default installation.
2016-08-19 22:30:15,116  WARN [org.scalaide.ui.internal.reconciliation.ScalaReconciler] - ScalaProject - Project SparkStreamingExamples has platform default sourceLevel.
2016-08-19 22:30:15,116  WARN [org.scalaide.ui.internal.reconciliation.ScalaReconciler] - ScalaProject - Project SparkStreamingExamples runs on platform default installation.
2016-08-19 22:31:51,406  WARN [Worker-6] - ScalaProject - Project SparkStreamingExamples has platform default sourceLevel.
2016-08-19 22:31:51,407  WARN [Worker-6] - ScalaProject - Project SparkStreamingExamples runs on platform default installation.
2016-08-19 22:31:51,540  WARN [Worker-7] - ScalaProject - Project SparkStreamingExamples has platform default sourceLevel.
2016-08-19 22:31:51,540  WARN [Worker-7] - ScalaProject - Project SparkStreamingExamples runs on platform default installation.
2016-08-19 22:31:52,419  WARN [org.scalaide.ui.internal.reconciliation.ScalaReconciler] - ScalaProject - Project SparkStreamingExamples has platform default sourceLevel.
2016-08-19 22:31:52,420  WARN [org.scalaide.ui.internal.reconciliation.ScalaReconciler] - ScalaProject - Project SparkStreamingExamples runs on platform default installation.
2016-08-19 22:33:22,487 ERROR [Worker-13] - System.err - SLF4J: Failed to load class "org.slf4j.impl.StaticLoggerBinder".
2016-08-19 22:33:22,487 ERROR [Worker-13] - System.err - SLF4J: Defaulting to no-operation (NOP) logger implementation
2016-08-19 22:33:22,487 ERROR [Worker-13] - System.err - SLF4J: See http://www.slf4j.org/codes.html#StaticLoggerBinder for further details.
2016-08-19 23:23:11,203  WARN [ModalContext] - ScalaProject - Project LearningScala has platform default sourceLevel.
2016-08-19 23:23:11,203  WARN [ModalContext] - ScalaProject - Project LearningScala runs on platform default installation.
2016-08-19 23:23:11,432  WARN [Worker-28] - ScalaProject - Project LearningScala has platform default sourceLevel.
2016-08-19 23:23:11,432  WARN [Worker-28] - ScalaProject - Project LearningScala runs on platform default installation.
2016-08-19 23:24:05,900  WARN [Worker-32] - ScalaProject - Project LearningScala has platform default sourceLevel.
2016-08-19 23:24:05,908  WARN [Worker-32] - ScalaProject - Project LearningScala runs on platform default installation.
2016-08-19 23:24:15,041  WARN [org.eclipse.jface.text.reconciler.MonoReconciler] - ScalaProject - Project LearningScala has platform default sourceLevel.
2016-08-19 23:24:15,042  WARN [org.eclipse.jface.text.reconciler.MonoReconciler] - ScalaProject - Project LearningScala runs on platform default installation.
2016-08-19 23:26:57,266  WARN [Worker-35] - ScalaProject - Project LearningScala has platform default sourceLevel.
2016-08-19 23:26:57,266  WARN [Worker-35] - ScalaProject - Project LearningScala runs on platform default installation.
2016-08-19 23:27:00,770  WARN [Worker-34] - ScalaProject - Project LearningScala has platform default sourceLevel.
2016-08-19 23:27:00,770  WARN [Worker-34] - ScalaProject - Project LearningScala runs on platform default installation.
2016-08-19 23:53:11,101  WARN [Worker-49] - ScalaProject - Project LearningScala has platform default sourceLevel.
2016-08-19 23:53:11,101  WARN [Worker-49] - ScalaProject - Project LearningScala runs on platform default installation.
2016-08-19 23:53:13,052  WARN [Worker-49] - ScalaProject - Project LearningScala has platform default sourceLevel.
2016-08-19 23:53:13,052  WARN [Worker-49] - ScalaProject - Project LearningScala runs on platform default installation.
2016-08-19 23:54:18,467  WARN [Worker-50] - ScalaProject - Project LearningScala has platform default sourceLevel.
2016-08-19 23:54:18,467  WARN [Worker-50] - ScalaProject - Project LearningScala runs on platform default installation.
2016-08-20 17:49:14,259  WARN [Worker-62] - ScalaProject - Project LearningScala has platform default sourceLevel.
2016-08-20 17:49:14,260  WARN [Worker-62] - ScalaProject - Project LearningScala runs on platform default installation.
2016-08-20 17:53:21,711 ERROR [Worker-65] - ProgramExecutor$ - Worksheet process has terminated unexpectedly (exit value 143
At the time of termination, the following text was available in the output streams:
Standard output:
  141 The world makes sense.
237 The world makes sense.
305 number  : Int = 3
451 Three
538 1
538 4
538 9
538 16
619 x  : Int = 10
666 10
666 9
666 8
666 7
666 6
666 5
666 4
666 3
666 2
666 1
666 0
767 0
767 1
767 2
767 3
767 4
767 5
767 6
767 7
767 8
767 9
767 10
921 res0: Int = 30
1003 30

Standard error:
  

2016-08-20 17:53:22,145  WARN [Worker-64] - ScalaProject - Project LearningScala has platform default sourceLevel.
2016-08-20 17:53:22,145  WARN [Worker-64] - ScalaProject - Project LearningScala runs on platform default installation.
2016-08-20 17:54:12,303 ERROR [Text Viewer Hover Presenter] - IScalaPresentationCompiler$ - Ignoring InterruptException
2016-08-20 17:54:12,303 ERROR [Text Viewer Hover Presenter] - IScalaPresentationCompiler$ - Ignoring InterruptException
2016-08-20 17:54:12,303 ERROR [Text Viewer Hover Presenter] - IScalaPresentationCompiler$ - Ignoring InterruptException
2016-08-20 17:56:55,488  WARN [Worker-64] - ScalaProject - Project LearningScala has platform default sourceLevel.
2016-08-20 17:56:55,488  WARN [Worker-64] - ScalaProject - Project LearningScala runs on platform default installation.
2016-08-20 17:56:57,065  WARN [Worker-71] - ScalaProject - Project LearningScala has platform default sourceLevel.
2016-08-20 17:56:57,065  WARN [Worker-71] - ScalaProject - Project LearningScala runs on platform default installation.
2016-08-20 17:58:09,240  WARN [Worker-64] - ScalaProject - Project LearningScala has platform default sourceLevel.
2016-08-20 17:58:09,241  WARN [Worker-64] - ScalaProject - Project LearningScala runs on platform default installation.
2016-08-20 17:58:10,713  WARN [Worker-69] - ScalaProject - Project LearningScala has platform default sourceLevel.
2016-08-20 17:58:10,714  WARN [Worker-69] - ScalaProject - Project LearningScala runs on platform default installation.
2016-08-20 17:59:40,545  WARN [Worker-72] - ScalaProject - Project LearningScala has platform default sourceLevel.
2016-08-20 17:59:40,545  WARN [Worker-72] - ScalaProject - Project LearningScala runs on platform default installation.
2016-08-20 17:59:42,006  WARN [Worker-67] - ScalaProject - Project LearningScala has platform default sourceLevel.
2016-08-20 17:59:42,006  WARN [Worker-67] - ScalaProject - Project LearningScala runs on platform default installation.
2016-08-20 18:02:13,367  WARN [Worker-67] - ScalaProject - Project LearningScala has platform default sourceLevel.
2016-08-20 18:02:13,376  WARN [Worker-67] - ScalaProject - Project LearningScala runs on platform default installation.
2016-08-20 18:08:35,711  WARN [Worker-79] - ScalaProject - Project LearningScala has platform default sourceLevel.
2016-08-20 18:08:35,712  WARN [Worker-79] - ScalaProject - Project LearningScala runs on platform default installation.
2016-08-20 18:08:42,075  WARN [Worker-79] - ScalaProject - Project LearningScala has platform default sourceLevel.
2016-08-20 18:08:42,075  WARN [Worker-79] - ScalaProject - Project LearningScala runs on platform default installation.
2016-08-20 20:49:58,112  WARN [Worker-88] - ScalaProject - Project LearningScala has platform default sourceLevel.
2016-08-20 20:49:58,120  WARN [Worker-88] - ScalaProject - Project LearningScala runs on platform default installation.
2016-08-20 20:50:00,422  WARN [Worker-88] - ScalaProject - Project LearningScala has platform default sourceLevel.
2016-08-20 20:50:00,422  WARN [Worker-88] - ScalaProject - Project LearningScala runs on platform default installation.
2016-08-20 20:51:11,721  WARN [Worker-88] - ScalaProject - Project LearningScala has platform default sourceLevel.
2016-08-20 20:51:11,721  WARN [Worker-88] - ScalaProject - Project LearningScala runs on platform default installation.
2016-08-20 20:51:13,915  WARN [Worker-89] - ScalaProject - Project LearningScala has platform default sourceLevel.
2016-08-20 20:51:13,916  WARN [Worker-89] - ScalaProject - Project LearningScala runs on platform default installation.
2016-08-20 20:51:23,625  WARN [Worker-90] - ScalaProject - Project LearningScala has platform default sourceLevel.
2016-08-20 20:51:23,625  WARN [Worker-90] - ScalaProject - Project LearningScala runs on platform default installation.
2016-08-20 20:51:25,668  WARN [Worker-89] - ScalaProject - Project LearningScala has platform default sourceLevel.
2016-08-20 20:51:25,668  WARN [Worker-89] - ScalaProject - Project LearningScala runs on platform default installation.
2016-08-20 21:20:51,006  WARN [Worker-88] - ScalaProject - Project LearningScala has platform default sourceLevel.
2016-08-20 21:20:51,006  WARN [Worker-88] - ScalaProject - Project LearningScala runs on platform default installation.
2016-08-20 21:20:52,123  WARN [Worker-94] - ScalaProject - Project LearningScala has platform default sourceLevel.
2016-08-20 21:20:52,124  WARN [Worker-94] - ScalaProject - Project LearningScala runs on platform default installation.
2016-08-20 21:21:46,489  WARN [Worker-94] - ScalaProject - Project LearningScala has platform default sourceLevel.
2016-08-20 21:21:46,489  WARN [Worker-94] - ScalaProject - Project LearningScala runs on platform default installation.
2016-08-20 21:21:47,519  WARN [Worker-94] - ScalaProject - Project LearningScala has platform default sourceLevel.
2016-08-20 21:21:47,519  WARN [Worker-94] - ScalaProject - Project LearningScala runs on platform default installation.
2016-08-20 21:23:31,290 ERROR [Text Viewer Hover Presenter] - IScalaPresentationCompiler$ - Ignoring InterruptException
2016-08-20 21:23:31,291 ERROR [Text Viewer Hover Presenter] - IScalaPresentationCompiler$ - Ignoring InterruptException
2016-08-20 21:23:31,291 ERROR [Text Viewer Hover Presenter] - IScalaPresentationCompiler$ - Ignoring InterruptException
2016-08-20 21:23:37,955  WARN [Worker-98] - ScalaProject - Project LearningScala has platform default sourceLevel.
2016-08-20 21:23:37,956  WARN [Worker-98] - ScalaProject - Project LearningScala runs on platform default installation.
2016-08-20 21:23:39,060  WARN [Worker-98] - ScalaProject - Project LearningScala has platform default sourceLevel.
2016-08-20 21:23:39,061  WARN [Worker-98] - ScalaProject - Project LearningScala runs on platform default installation.
2016-08-20 21:23:44,476  WARN [Worker-98] - ScalaProject - Project LearningScala has platform default sourceLevel.
2016-08-20 21:23:44,477  WARN [Worker-98] - ScalaProject - Project LearningScala runs on platform default installation.
2016-08-20 21:23:45,545  WARN [Worker-100] - ScalaProject - Project LearningScala has platform default sourceLevel.
2016-08-20 21:23:45,546  WARN [Worker-100] - ScalaProject - Project LearningScala runs on platform default installation.
2016-08-20 21:27:28,742  WARN [Worker-102] - ScalaProject - Project LearningScala has platform default sourceLevel.
2016-08-20 21:27:28,742  WARN [Worker-102] - ScalaProject - Project LearningScala runs on platform default installation.
2016-08-20 21:27:29,765  WARN [Worker-103] - ScalaProject - Project LearningScala has platform default sourceLevel.
2016-08-20 21:27:29,765  WARN [Worker-103] - ScalaProject - Project LearningScala runs on platform default installation.
2016-08-20 22:35:03,646  WARN [Worker-129] - ScalaProject - Project SparkStreamingExamples has platform default sourceLevel.
2016-08-20 22:35:03,646  WARN [Worker-129] - ScalaProject - Project SparkStreamingExamples runs on platform default installation.
2016-08-20 22:35:04,044  WARN [Java indexing] - ScalaProject - Project SparkStreamingExamples has platform default sourceLevel.
2016-08-20 22:35:04,044  WARN [Java indexing] - ScalaProject - Project SparkStreamingExamples runs on platform default installation.
2016-08-20 23:02:05,746  WARN [Worker-149] - ScalaProject - Project SparkStreamingExamples has platform default sourceLevel.
2016-08-20 23:02:05,747  WARN [Worker-149] - ScalaProject - Project SparkStreamingExamples runs on platform default installation.
2016-08-20 23:20:14,151  WARN [Worker-162] - ScalaProject - Project SparkStreamingExamples has platform default sourceLevel.
2016-08-20 23:20:14,160  WARN [Worker-162] - ScalaProject - Project SparkStreamingExamples runs on platform default installation.
2016-08-20 23:20:29,045  WARN [main] - ScalaProject - Project SparkStreamingExamples has platform default sourceLevel.
2016-08-20 23:20:29,045  WARN [main] - ScalaProject - Project SparkStreamingExamples runs on platform default installation.
2016-08-20 23:20:29,142  WARN [Worker-167] - ScalaProject - Project SparkStreamingExamples has platform default sourceLevel.
2016-08-20 23:20:29,142  WARN [Worker-167] - ScalaProject - Project SparkStreamingExamples runs on platform default installation.
2016-08-20 23:33:51,928 ERROR [main] - Statistics - Statistics file `/Users/Aurora/.scalaide/statistics` is corrupted. A new one is being created. Corrupted content was:

com.cedarsoftware.util.io.JsonIoException: error parsing JSON value
	at com.cedarsoftware.util.io.JsonReader.readObject(JsonReader.java:529)
	at com.cedarsoftware.util.io.JsonReader.jsonToJava(JsonReader.java:289)
	at com.cedarsoftware.util.io.JsonReader.jsonToJava(JsonReader.java:262)
	at org.scalaide.core.internal.statistics.Statistics.org$scalaide$core$internal$statistics$Statistics$$read(Statistics.scala:74)
	at org.scalaide.core.internal.statistics.Statistics$$anonfun$readStats$1.apply(Statistics.scala:52)
	at org.scalaide.core.internal.statistics.Statistics$$anonfun$readStats$1.apply(Statistics.scala:51)
	at org.scalaide.core.ScalaIdeDataStore$$anonfun$validate$2.apply(ScalaIdeDataStore.scala:59)
	at org.scalaide.util.eclipse.EclipseUtils$$anon$3.run(EclipseUtils.scala:214)
	at org.eclipse.core.runtime.SafeRunner.run(SafeRunner.java:42)
	at org.scalaide.util.eclipse.EclipseUtils$.withSafeRunner(EclipseUtils.scala:210)
	at org.scalaide.core.ScalaIdeDataStore$.validate(ScalaIdeDataStore.scala:58)
	at org.scalaide.core.internal.statistics.Statistics.readStats(Statistics.scala:51)
	at org.scalaide.core.internal.statistics.Statistics.<init>(Statistics.scala:30)
	at org.scalaide.core.internal.ScalaPlugin.stats$lzycompute(ScalaPlugin.scala:135)
	at org.scalaide.core.internal.ScalaPlugin.stats(ScalaPlugin.scala:135)
	at org.scalaide.core.internal.ScalaPlugin.statistics(ScalaPlugin.scala:138)
	at org.scalaide.core.internal.ScalaPlugin.start(ScalaPlugin.scala:109)
	at org.eclipse.osgi.internal.framework.BundleContextImpl$3.run(BundleContextImpl.java:771)
	at org.eclipse.osgi.internal.framework.BundleContextImpl$3.run(BundleContextImpl.java:1)
	at java.security.AccessController.doPrivileged(Native Method)
	at org.eclipse.osgi.internal.framework.BundleContextImpl.startActivator(BundleContextImpl.java:764)
	at org.eclipse.osgi.internal.framework.BundleContextImpl.start(BundleContextImpl.java:721)
	at org.eclipse.osgi.internal.framework.EquinoxBundle.startWorker0(EquinoxBundle.java:936)
	at org.eclipse.osgi.internal.framework.EquinoxBundle$EquinoxModule.startWorker(EquinoxBundle.java:319)
	at org.eclipse.osgi.container.Module.doStart(Module.java:571)
	at org.eclipse.osgi.container.Module.start(Module.java:439)
	at org.eclipse.osgi.framework.util.SecureAction.start(SecureAction.java:454)
	at org.eclipse.osgi.internal.hooks.EclipseLazyStarter.postFindLocalClass(EclipseLazyStarter.java:107)
	at org.eclipse.osgi.internal.loader.classpath.ClasspathManager.findLocalClass(ClasspathManager.java:531)
	at org.eclipse.osgi.internal.loader.ModuleClassLoader.findLocalClass(ModuleClassLoader.java:324)
	at org.eclipse.osgi.internal.loader.BundleLoader.findLocalClass(BundleLoader.java:320)
	at org.eclipse.osgi.internal.loader.BundleLoader.findClassInternal(BundleLoader.java:395)
	at org.eclipse.osgi.internal.loader.BundleLoader.findClass(BundleLoader.java:345)
	at org.eclipse.osgi.internal.loader.BundleLoader.findClass(BundleLoader.java:337)
	at org.eclipse.osgi.internal.loader.ModuleClassLoader.loadClass(ModuleClassLoader.java:160)
	at java.lang.ClassLoader.loadClass(ClassLoader.java:358)
	at org.eclipse.osgi.internal.framework.EquinoxBundle.loadClass(EquinoxBundle.java:568)
	at org.eclipse.core.internal.registry.osgi.RegistryStrategyOSGI.createExecutableExtension(RegistryStrategyOSGI.java:174)
	at org.eclipse.core.internal.registry.ExtensionRegistry.createExecutableExtension(ExtensionRegistry.java:905)
	at org.eclipse.core.internal.registry.ConfigurationElement.createExecutableExtension(ConfigurationElement.java:243)
	at org.eclipse.core.internal.registry.ConfigurationElementHandle.createExecutableExtension(ConfigurationElementHandle.java:55)
	at org.eclipse.jdt.internal.ui.filters.FilterDescriptor$1.run(FilterDescriptor.java:132)
	at org.eclipse.core.runtime.SafeRunner.run(SafeRunner.java:42)
	at org.eclipse.jdt.internal.ui.filters.FilterDescriptor.createViewerFilter(FilterDescriptor.java:136)
	at org.eclipse.jdt.ui.actions.CustomFiltersActionGroup$FilterItem.getFilterInstance(CustomFiltersActionGroup.java:187)
	at org.eclipse.jdt.ui.actions.CustomFiltersActionGroup.updateViewerFilters(CustomFiltersActionGroup.java:516)
	at org.eclipse.jdt.ui.actions.CustomFiltersActionGroup.<init>(CustomFiltersActionGroup.java:275)
	at org.eclipse.jdt.ui.actions.CustomFiltersActionGroup.<init>(CustomFiltersActionGroup.java:241)
	at org.eclipse.jdt.internal.ui.packageview.PackageExplorerActionGroup.<init>(PackageExplorerActionGroup.java:148)
	at org.eclipse.jdt.internal.ui.packageview.PackageExplorerPart.makeActions(PackageExplorerPart.java:804)
	at org.eclipse.jdt.internal.ui.packageview.PackageExplorerPart.createPartControl(PackageExplorerPart.java:505)
	at org.eclipse.ui.internal.e4.compatibility.CompatibilityPart.createPartControl(CompatibilityPart.java:141)
	at org.eclipse.ui.internal.e4.compatibility.CompatibilityView.createPartControl(CompatibilityView.java:155)
	at org.eclipse.ui.internal.e4.compatibility.CompatibilityPart.create(CompatibilityPart.java:327)
	at sun.reflect.NativeMethodAccessorImpl.invoke0(Native Method)
	at sun.reflect.NativeMethodAccessorImpl.invoke(NativeMethodAccessorImpl.java:57)
	at sun.reflect.DelegatingMethodAccessorImpl.invoke(DelegatingMethodAccessorImpl.java:43)
	at java.lang.reflect.Method.invoke(Method.java:606)
	at org.eclipse.e4.core.internal.di.MethodRequestor.execute(MethodRequestor.java:55)
	at org.eclipse.e4.core.internal.di.InjectorImpl.processAnnotated(InjectorImpl.java:888)
	at org.eclipse.e4.core.internal.di.InjectorImpl.processAnnotated(InjectorImpl.java:869)
	at org.eclipse.e4.core.internal.di.InjectorImpl.inject(InjectorImpl.java:120)
	at org.eclipse.e4.core.internal.di.InjectorImpl.internalMake(InjectorImpl.java:337)
	at org.eclipse.e4.core.internal.di.InjectorImpl.make(InjectorImpl.java:258)
	at org.eclipse.e4.core.contexts.ContextInjectionFactory.make(ContextInjectionFactory.java:162)
	at org.eclipse.e4.ui.internal.workbench.ReflectionContributionFactory.createFromBundle(ReflectionContributionFactory.java:104)
	at org.eclipse.e4.ui.internal.workbench.ReflectionContributionFactory.doCreate(ReflectionContributionFactory.java:73)
	at org.eclipse.e4.ui.internal.workbench.ReflectionContributionFactory.create(ReflectionContributionFactory.java:55)
	at org.eclipse.e4.ui.workbench.renderers.swt.ContributedPartRenderer.createWidget(ContributedPartRenderer.java:127)
	at org.eclipse.e4.ui.internal.workbench.swt.PartRenderingEngine.createWidget(PartRenderingEngine.java:983)
	at org.eclipse.e4.ui.internal.workbench.swt.PartRenderingEngine.safeCreateGui(PartRenderingEngine.java:662)
	at org.eclipse.e4.ui.internal.workbench.swt.PartRenderingEngine$6.run(PartRenderingEngine.java:547)
	at org.eclipse.core.runtime.SafeRunner.run(SafeRunner.java:42)
	at org.eclipse.e4.ui.internal.workbench.swt.PartRenderingEngine.createGui(PartRenderingEngine.java:531)
	at org.eclipse.e4.ui.workbench.renderers.swt.ElementReferenceRenderer.createWidget(ElementReferenceRenderer.java:69)
	at org.eclipse.e4.ui.internal.workbench.swt.PartRenderingEngine.createWidget(PartRenderingEngine.java:983)
	at org.eclipse.e4.ui.internal.workbench.swt.PartRenderingEngine.safeCreateGui(PartRenderingEngine.java:662)
	at org.eclipse.e4.ui.internal.workbench.swt.PartRenderingEngine.safeCreateGui(PartRenderingEngine.java:766)
	at org.eclipse.e4.ui.internal.workbench.swt.PartRenderingEngine.access$2(PartRenderingEngine.java:737)
	at org.eclipse.e4.ui.internal.workbench.swt.PartRenderingEngine$7.run(PartRenderingEngine.java:731)
	at org.eclipse.core.runtime.SafeRunner.run(SafeRunner.java:42)
	at org.eclipse.e4.ui.internal.workbench.swt.PartRenderingEngine.createGui(PartRenderingEngine.java:715)
	at org.eclipse.e4.ui.workbench.renderers.swt.StackRenderer.showTab(StackRenderer.java:1246)
	at org.eclipse.e4.ui.workbench.renderers.swt.LazyStackRenderer.postProcess(LazyStackRenderer.java:103)
	at org.eclipse.e4.ui.internal.workbench.swt.PartRenderingEngine.safeCreateGui(PartRenderingEngine.java:678)
	at org.eclipse.e4.ui.internal.workbench.swt.PartRenderingEngine.safeCreateGui(PartRenderingEngine.java:766)
	at org.eclipse.e4.ui.internal.workbench.swt.PartRenderingEngine.access$2(PartRenderingEngine.java:737)
	at org.eclipse.e4.ui.internal.workbench.swt.PartRenderingEngine$7.run(PartRenderingEngine.java:731)
	at org.eclipse.core.runtime.SafeRunner.run(SafeRunner.java:42)
	at org.eclipse.e4.ui.internal.workbench.swt.PartRenderingEngine.createGui(PartRenderingEngine.java:715)
	at org.eclipse.e4.ui.workbench.renderers.swt.SWTPartRenderer.processContents(SWTPartRenderer.java:69)
	at org.eclipse.e4.ui.workbench.renderers.swt.SashRenderer.processContents(SashRenderer.java:185)
	at org.eclipse.e4.ui.internal.workbench.swt.PartRenderingEngine.safeCreateGui(PartRenderingEngine.java:674)
	at org.eclipse.e4.ui.internal.workbench.swt.PartRenderingEngine.safeCreateGui(PartRenderingEngine.java:766)
	at org.eclipse.e4.ui.internal.workbench.swt.PartRenderingEngine.access$2(PartRenderingEngine.java:737)
	at org.eclipse.e4.ui.internal.workbench.swt.PartRenderingEngine$7.run(PartRenderingEngine.java:731)
	at org.eclipse.core.runtime.SafeRunner.run(SafeRunner.java:42)
	at org.eclipse.e4.ui.internal.workbench.swt.PartRenderingEngine.createGui(PartRenderingEngine.java:715)
	at org.eclipse.e4.ui.workbench.renderers.swt.SWTPartRenderer.processContents(SWTPartRenderer.java:69)
	at org.eclipse.e4.ui.workbench.renderers.swt.PerspectiveRenderer.processContents(PerspectiveRenderer.java:49)
	at org.eclipse.e4.ui.internal.workbench.swt.PartRenderingEngine.safeCreateGui(PartRenderingEngine.java:674)
	at org.eclipse.e4.ui.internal.workbench.swt.PartRenderingEngine.safeCreateGui(PartRenderingEngine.java:766)
	at org.eclipse.e4.ui.internal.workbench.swt.PartRenderingEngine.access$2(PartRenderingEngine.java:737)
	at org.eclipse.e4.ui.internal.workbench.swt.PartRenderingEngine$7.run(PartRenderingEngine.java:731)
	at org.eclipse.core.runtime.SafeRunner.run(SafeRunner.java:42)
	at org.eclipse.e4.ui.internal.workbench.swt.PartRenderingEngine.createGui(PartRenderingEngine.java:715)
	at org.eclipse.e4.ui.workbench.renderers.swt.PerspectiveStackRenderer.showTab(PerspectiveStackRenderer.java:103)
	at org.eclipse.e4.ui.workbench.renderers.swt.LazyStackRenderer.postProcess(LazyStackRenderer.java:103)
	at org.eclipse.e4.ui.workbench.renderers.swt.PerspectiveStackRenderer.postProcess(PerspectiveStackRenderer.java:77)
	at org.eclipse.e4.ui.internal.workbench.swt.PartRenderingEngine.safeCreateGui(PartRenderingEngine.java:678)
	at org.eclipse.e4.ui.internal.workbench.swt.PartRenderingEngine.safeCreateGui(PartRenderingEngine.java:766)
	at org.eclipse.e4.ui.internal.workbench.swt.PartRenderingEngine.access$2(PartRenderingEngine.java:737)
	at org.eclipse.e4.ui.internal.workbench.swt.PartRenderingEngine$7.run(PartRenderingEngine.java:731)
	at org.eclipse.core.runtime.SafeRunner.run(SafeRunner.java:42)
	at org.eclipse.e4.ui.internal.workbench.swt.PartRenderingEngine.createGui(PartRenderingEngine.java:715)
	at org.eclipse.e4.ui.workbench.renderers.swt.SWTPartRenderer.processContents(SWTPartRenderer.java:69)
	at org.eclipse.e4.ui.workbench.renderers.swt.SashRenderer.processContents(SashRenderer.java:185)
	at org.eclipse.e4.ui.internal.workbench.swt.PartRenderingEngine.safeCreateGui(PartRenderingEngine.java:674)
	at org.eclipse.e4.ui.internal.workbench.swt.PartRenderingEngine.safeCreateGui(PartRenderingEngine.java:766)
	at org.eclipse.e4.ui.internal.workbench.swt.PartRenderingEngine.access$2(PartRenderingEngine.java:737)
	at org.eclipse.e4.ui.internal.workbench.swt.PartRenderingEngine$7.run(PartRenderingEngine.java:731)
	at org.eclipse.core.runtime.SafeRunner.run(SafeRunner.java:42)
	at org.eclipse.e4.ui.internal.workbench.swt.PartRenderingEngine.createGui(PartRenderingEngine.java:715)
	at org.eclipse.e4.ui.workbench.renderers.swt.SWTPartRenderer.processContents(SWTPartRenderer.java:69)
	at org.eclipse.e4.ui.workbench.renderers.swt.WBWRenderer.processContents(WBWRenderer.java:663)
	at org.eclipse.e4.ui.internal.workbench.swt.PartRenderingEngine.safeCreateGui(PartRenderingEngine.java:674)
	at org.eclipse.e4.ui.internal.workbench.swt.PartRenderingEngine.safeCreateGui(PartRenderingEngine.java:766)
	at org.eclipse.e4.ui.internal.workbench.swt.PartRenderingEngine.access$2(PartRenderingEngine.java:737)
	at org.eclipse.e4.ui.internal.workbench.swt.PartRenderingEngine$7.run(PartRenderingEngine.java:731)
	at org.eclipse.core.runtime.SafeRunner.run(SafeRunner.java:42)
	at org.eclipse.e4.ui.internal.workbench.swt.PartRenderingEngine.createGui(PartRenderingEngine.java:715)
	at org.eclipse.e4.ui.internal.workbench.swt.PartRenderingEngine$9.run(PartRenderingEngine.java:1078)
	at org.eclipse.core.databinding.observable.Realm.runWithDefault(Realm.java:332)
	at org.eclipse.e4.ui.internal.workbench.swt.PartRenderingEngine.run(PartRenderingEngine.java:1032)
	at org.eclipse.e4.ui.internal.workbench.E4Workbench.createAndRunUI(E4Workbench.java:148)
	at org.eclipse.ui.internal.Workbench$5.run(Workbench.java:636)
	at org.eclipse.core.databinding.observable.Realm.runWithDefault(Realm.java:332)
	at org.eclipse.ui.internal.Workbench.createAndRunWorkbench(Workbench.java:579)
	at org.eclipse.ui.PlatformUI.createAndRunWorkbench(PlatformUI.java:150)
	at org.eclipse.ui.internal.ide.application.IDEApplication.start(IDEApplication.java:135)
	at org.eclipse.equinox.internal.app.EclipseAppHandle.run(EclipseAppHandle.java:196)
	at org.eclipse.core.runtime.internal.adaptor.EclipseAppLauncher.runApplication(EclipseAppLauncher.java:134)
	at org.eclipse.core.runtime.internal.adaptor.EclipseAppLauncher.start(EclipseAppLauncher.java:104)
	at org.eclipse.core.runtime.adaptor.EclipseStarter.run(EclipseStarter.java:380)
	at org.eclipse.core.runtime.adaptor.EclipseStarter.run(EclipseStarter.java:235)
	at sun.reflect.NativeMethodAccessorImpl.invoke0(Native Method)
	at sun.reflect.NativeMethodAccessorImpl.invoke(NativeMethodAccessorImpl.java:57)
	at sun.reflect.DelegatingMethodAccessorImpl.invoke(DelegatingMethodAccessorImpl.java:43)
	at java.lang.reflect.Method.invoke(Method.java:606)
	at org.eclipse.equinox.launcher.Main.invokeFramework(Main.java:648)
	at org.eclipse.equinox.launcher.Main.basicRun(Main.java:603)
	at org.eclipse.equinox.launcher.Main.run(Main.java:1465)
Caused by: com.cedarsoftware.util.io.JsonIoException: EOF reached prematurely
	at com.cedarsoftware.util.io.JsonParser.error(JsonParser.java:584)
	at com.cedarsoftware.util.io.JsonParser.readValue(JsonParser.java:278)
	at com.cedarsoftware.util.io.JsonReader.readObject(JsonReader.java:521)
	... 151 more
2016-08-20 23:33:52,800  WARN [main] - ScalaProject - Project SparkStreamingExamples has platform default sourceLevel.
2016-08-20 23:33:52,801  WARN [main] - ScalaProject - Project SparkStreamingExamples runs on platform default installation.
2016-08-20 23:33:52,807  WARN [main] - ScalaProject - Project SparkStreamingExamples has platform default sourceLevel.
2016-08-20 23:33:52,807  WARN [main] - ScalaProject - Project SparkStreamingExamples runs on platform default installation.
2016-08-20 23:33:57,861  WARN [main] - ScalaProject - Project LearningScala has platform default sourceLevel.
2016-08-20 23:33:57,861  WARN [main] - ScalaProject - Project LearningScala runs on platform default installation.
2016-08-20 23:34:47,211 ERROR [Worker-2] - System.err - SLF4J: Failed to load class "org.slf4j.impl.StaticLoggerBinder".
2016-08-20 23:34:47,215 ERROR [Worker-2] - System.err - SLF4J: Defaulting to no-operation (NOP) logger implementation
2016-08-20 23:34:47,215 ERROR [Worker-2] - System.err - SLF4J: See http://www.slf4j.org/codes.html#StaticLoggerBinder for further details.
2016-08-20 23:42:56,873  WARN [Worker-14] - ScalaProject - Project SparkStreamingExamples has platform default sourceLevel.
2016-08-20 23:42:56,874  WARN [Worker-14] - ScalaProject - Project SparkStreamingExamples runs on platform default installation.
2016-08-20 23:42:56,924  WARN [Worker-14] - ScalaProject - Project SparkStreamingExamples has platform default sourceLevel.
2016-08-20 23:42:56,924  WARN [Worker-14] - ScalaProject - Project SparkStreamingExamples runs on platform default installation.
2016-08-20 23:43:50,315  WARN [Worker-17] - ScalaProject - Project SparkStreamingExamples has platform default sourceLevel.
2016-08-20 23:43:50,316  WARN [Worker-17] - ScalaProject - Project SparkStreamingExamples runs on platform default installation.
2016-08-20 23:45:55,404  WARN [Worker-16] - ScalaProject - Project SparkStreamingExamples has platform default sourceLevel.
2016-08-20 23:45:55,404  WARN [Worker-16] - ScalaProject - Project SparkStreamingExamples runs on platform default installation.
2016-08-20 23:46:06,556  WARN [Worker-18] - ScalaProject - Project SparkStreamingExamples has platform default sourceLevel.
2016-08-20 23:46:06,556  WARN [Worker-18] - ScalaProject - Project SparkStreamingExamples runs on platform default installation.
2016-08-20 23:46:06,887  WARN [Java indexing] - ScalaProject - Project SparkStreamingExamples has platform default sourceLevel.
2016-08-20 23:46:06,887  WARN [Java indexing] - ScalaProject - Project SparkStreamingExamples runs on platform default installation.
2016-08-20 23:46:07,531  WARN [org.scalaide.ui.internal.reconciliation.ScalaReconciler] - ImplicitHighlightingPresenter - Timeout while waiting for `askLoadedTyped` during semantic highlighting.
2016-08-20 23:46:07,532  WARN [org.scalaide.ui.internal.reconciliation.ScalaReconciler] - ImplicitHighlightingPresenter - Timeout while waiting for `askLoadedTyped` during semantic highlighting.
2016-08-20 23:46:07,531  WARN [org.scalaide.ui.internal.reconciliation.ScalaReconciler] - ImplicitHighlightingPresenter - Timeout while waiting for `askLoadedTyped` during semantic highlighting.
2016-08-20 23:46:07,532  WARN [org.scalaide.ui.internal.reconciliation.ScalaReconciler] - ImplicitHighlightingPresenter - Timeout while waiting for `askLoadedTyped` during semantic highlighting.
2016-08-20 23:46:07,735  WARN [org.scalaide.ui.internal.reconciliation.ScalaReconciler] - CustomSemanticAction - Timeout while waiting for `askLoadedTyped` during semantic highlighting.
2016-08-20 23:46:07,737  WARN [org.scalaide.ui.internal.reconciliation.ScalaReconciler] - CustomSemanticAction - Timeout while waiting for `askLoadedTyped` during semantic highlighting.
2016-08-20 23:46:07,737  WARN [org.scalaide.ui.internal.reconciliation.ScalaReconciler] - CustomSemanticAction - Timeout while waiting for `askLoadedTyped` during semantic highlighting.
2016-08-20 23:46:07,939  WARN [org.scalaide.ui.internal.reconciliation.ScalaReconciler] - CallByNameParamAtCreationPresenter - Timeout while waiting for `askLoadedTyped` during semantic highlighting.
2016-08-20 23:47:07,138  WARN [Worker-20] - ScalaProject - Project SparkStreamingExamples has platform default sourceLevel.
2016-08-20 23:47:07,138  WARN [Worker-20] - ScalaProject - Project SparkStreamingExamples runs on platform default installation.
2016-08-21 00:08:00,473  WARN [Worker-16] - ScalaProject - Project SparkStreamingExamples has platform default sourceLevel.
2016-08-21 00:08:00,473  WARN [Worker-16] - ScalaProject - Project SparkStreamingExamples runs on platform default installation.
2016-08-21 00:08:00,874  WARN [Java indexing] - ScalaProject - Project SparkStreamingExamples has platform default sourceLevel.
2016-08-21 00:08:00,874  WARN [Java indexing] - ScalaProject - Project SparkStreamingExamples runs on platform default installation.
2016-08-21 00:08:01,422  WARN [org.scalaide.ui.internal.reconciliation.ScalaReconciler] - ImplicitHighlightingPresenter - Timeout while waiting for `askLoadedTyped` during semantic highlighting.
2016-08-21 00:08:01,423  WARN [org.scalaide.ui.internal.reconciliation.ScalaReconciler] - ImplicitHighlightingPresenter - Timeout while waiting for `askLoadedTyped` during semantic highlighting.
2016-08-21 00:08:01,422  WARN [org.scalaide.ui.internal.reconciliation.ScalaReconciler] - ImplicitHighlightingPresenter - Timeout while waiting for `askLoadedTyped` during semantic highlighting.
2016-08-21 00:08:01,428  WARN [org.scalaide.ui.internal.reconciliation.ScalaReconciler] - ImplicitHighlightingPresenter - Timeout while waiting for `askLoadedTyped` during semantic highlighting.
2016-08-21 00:08:01,429  WARN [org.scalaide.ui.internal.reconciliation.ScalaReconciler] - ImplicitHighlightingPresenter - Timeout while waiting for `askLoadedTyped` during semantic highlighting.
2016-08-21 00:08:01,628  WARN [org.scalaide.ui.internal.reconciliation.ScalaReconciler] - CustomSemanticAction - Timeout while waiting for `askLoadedTyped` during semantic highlighting.
2016-08-21 00:08:01,630  WARN [org.scalaide.ui.internal.reconciliation.ScalaReconciler] - CustomSemanticAction - Timeout while waiting for `askLoadedTyped` during semantic highlighting.
2016-08-21 00:08:21,610  WARN [Worker-34] - ScalaProject - Project SparkStreamingExamples has platform default sourceLevel.
2016-08-21 00:08:21,610  WARN [Worker-34] - ScalaProject - Project SparkStreamingExamples runs on platform default installation.
2016-08-21 10:24:34,008  WARN [Worker-54] - ScalaProject - Project SparkStreamingExamples has platform default sourceLevel.
2016-08-21 10:24:34,009  WARN [Worker-54] - ScalaProject - Project SparkStreamingExamples runs on platform default installation.
2016-08-21 10:36:10,256  WARN [Worker-69] - ScalaProject - Project SparkStreamingExamples has platform default sourceLevel.
2016-08-21 10:36:10,257  WARN [Worker-69] - ScalaProject - Project SparkStreamingExamples runs on platform default installation.
2016-08-21 10:37:20,514  WARN [Worker-67] - ScalaProject - Project SparkStreamingExamples has platform default sourceLevel.
2016-08-21 10:37:20,514  WARN [Worker-67] - ScalaProject - Project SparkStreamingExamples runs on platform default installation.
2016-08-21 10:37:41,799  WARN [Worker-70] - ScalaProject - Project SparkStreamingExamples has platform default sourceLevel.
2016-08-21 10:37:41,799  WARN [Worker-70] - ScalaProject - Project SparkStreamingExamples runs on platform default installation.
2016-08-21 11:15:15,599  WARN [Worker-89] - ScalaProject - Project SparkStreamingExamples has platform default sourceLevel.
2016-08-21 11:15:15,607  WARN [Worker-89] - ScalaProject - Project SparkStreamingExamples runs on platform default installation.
2016-08-21 11:31:19,864  WARN [Worker-89] - ScalaProject - Project SparkStreamingExamples has platform default sourceLevel.
2016-08-21 11:31:19,872  WARN [Worker-89] - ScalaProject - Project SparkStreamingExamples runs on platform default installation.
2016-08-21 11:31:20,270  WARN [Java indexing] - ScalaProject - Project SparkStreamingExamples has platform default sourceLevel.
2016-08-21 11:31:20,270  WARN [Java indexing] - ScalaProject - Project SparkStreamingExamples runs on platform default installation.
2016-08-21 11:31:20,887  WARN [org.scalaide.ui.internal.reconciliation.ScalaReconciler] - ImplicitHighlightingPresenter - Timeout while waiting for `askLoadedTyped` during semantic highlighting.
2016-08-21 11:31:20,887  WARN [org.scalaide.ui.internal.reconciliation.ScalaReconciler] - ImplicitHighlightingPresenter - Timeout while waiting for `askLoadedTyped` during semantic highlighting.
2016-08-21 11:31:20,887  WARN [org.scalaide.ui.internal.reconciliation.ScalaReconciler] - ImplicitHighlightingPresenter - Timeout while waiting for `askLoadedTyped` during semantic highlighting.
2016-08-21 11:31:21,230  WARN [org.scalaide.ui.internal.reconciliation.ScalaReconciler] - CustomSemanticAction - Timeout while waiting for `askLoadedTyped` during semantic highlighting.
2016-08-21 11:31:21,231  WARN [org.scalaide.ui.internal.reconciliation.ScalaReconciler] - CustomSemanticAction - Timeout while waiting for `askLoadedTyped` during semantic highlighting.
2016-08-21 11:31:21,432  WARN [org.scalaide.ui.internal.reconciliation.ScalaReconciler] - CallByNameParamAtCreationPresenter - Timeout while waiting for `askLoadedTyped` during semantic highlighting.
2016-08-21 11:32:03,041  WARN [Worker-89] - ScalaProject - Project SparkStreamingExamples has platform default sourceLevel.
2016-08-21 11:32:03,041  WARN [Worker-89] - ScalaProject - Project SparkStreamingExamples runs on platform default installation.
2016-08-21 12:38:11,881 ERROR [Text Viewer Hover Presenter] - IScalaPresentationCompiler$ - Ignoring InterruptException
2016-08-21 12:38:11,889 ERROR [Text Viewer Hover Presenter] - IScalaPresentationCompiler$ - Ignoring InterruptException
2016-08-21 12:38:11,889 ERROR [Text Viewer Hover Presenter] - IScalaPresentationCompiler$ - Ignoring InterruptException
2016-08-21 12:44:11,138  WARN [Worker-122] - ScalaProject - Project SparkStreamingExamples has platform default sourceLevel.
2016-08-21 12:44:11,139  WARN [Worker-122] - ScalaProject - Project SparkStreamingExamples runs on platform default installation.
2016-08-21 12:50:24,824  WARN [Worker-131] - ScalaProject - Project SparkStreamingExamples has platform default sourceLevel.
2016-08-21 12:50:24,825  WARN [Worker-131] - ScalaProject - Project SparkStreamingExamples runs on platform default installation.
2016-08-21 12:50:25,227  WARN [Java indexing] - ScalaProject - Project SparkStreamingExamples has platform default sourceLevel.
2016-08-21 12:50:25,227  WARN [Java indexing] - ScalaProject - Project SparkStreamingExamples runs on platform default installation.
2016-08-21 12:50:25,875  WARN [org.scalaide.ui.internal.reconciliation.ScalaReconciler] - ImplicitHighlightingPresenter - Timeout while waiting for `askLoadedTyped` during semantic highlighting.
2016-08-21 12:50:25,881  WARN [org.scalaide.ui.internal.reconciliation.ScalaReconciler] - ImplicitHighlightingPresenter - Timeout while waiting for `askLoadedTyped` during semantic highlighting.
2016-08-21 12:50:25,887  WARN [org.scalaide.ui.internal.reconciliation.ScalaReconciler] - ImplicitHighlightingPresenter - Timeout while waiting for `askLoadedTyped` during semantic highlighting.
2016-08-21 12:50:26,077  WARN [org.scalaide.ui.internal.reconciliation.ScalaReconciler] - CustomSemanticAction - Timeout while waiting for `askLoadedTyped` during semantic highlighting.
2016-08-21 12:50:26,086  WARN [org.scalaide.ui.internal.reconciliation.ScalaReconciler] - CustomSemanticAction - Timeout while waiting for `askLoadedTyped` during semantic highlighting.
2016-08-21 12:50:26,093  WARN [org.scalaide.ui.internal.reconciliation.ScalaReconciler] - CustomSemanticAction - Timeout while waiting for `askLoadedTyped` during semantic highlighting.
2016-08-21 12:50:26,296  WARN [org.scalaide.ui.internal.reconciliation.ScalaReconciler] - CallByNameParamAtCreationPresenter - Timeout while waiting for `askLoadedTyped` during semantic highlighting.
2016-08-21 15:34:30,905 ERROR [Text Viewer Hover Presenter] - IScalaPresentationCompiler$ - Ignoring InterruptException
2016-08-21 15:34:30,914 ERROR [Text Viewer Hover Presenter] - IScalaPresentationCompiler$ - Ignoring InterruptException
2016-08-21 15:34:30,914 ERROR [Text Viewer Hover Presenter] - IScalaPresentationCompiler$ - Ignoring InterruptException
2016-08-21 15:34:39,223  WARN [Worker-150] - ScalaProject - Project SparkStreamingExamples has platform default sourceLevel.
2016-08-21 15:34:39,223  WARN [Worker-150] - ScalaProject - Project SparkStreamingExamples runs on platform default installation.
2016-08-21 15:53:36,503  WARN [Worker-159] - ScalaProject - Project SparkStreamingExamples has platform default sourceLevel.
2016-08-21 15:53:36,511  WARN [Worker-159] - ScalaProject - Project SparkStreamingExamples runs on platform default installation.
2016-08-21 15:56:27,120  WARN [Worker-165] - ScalaProject - Project SparkStreamingExamples has platform default sourceLevel.
2016-08-21 15:56:27,128  WARN [Worker-165] - ScalaProject - Project SparkStreamingExamples runs on platform default installation.
2016-08-21 16:04:27,319 ERROR [Worker-1] - Statistics - Statistics file `/Users/Aurora/.scalaide/statistics` is corrupted. A new one is being created. Corrupted content was:

com.cedarsoftware.util.io.JsonIoException: error parsing JSON value
	at com.cedarsoftware.util.io.JsonReader.readObject(JsonReader.java:529)
	at com.cedarsoftware.util.io.JsonReader.jsonToJava(JsonReader.java:289)
	at com.cedarsoftware.util.io.JsonReader.jsonToJava(JsonReader.java:262)
	at org.scalaide.core.internal.statistics.Statistics.org$scalaide$core$internal$statistics$Statistics$$read(Statistics.scala:74)
	at org.scalaide.core.internal.statistics.Statistics$$anonfun$readStats$1.apply(Statistics.scala:52)
	at org.scalaide.core.internal.statistics.Statistics$$anonfun$readStats$1.apply(Statistics.scala:51)
	at org.scalaide.core.ScalaIdeDataStore$$anonfun$validate$2.apply(ScalaIdeDataStore.scala:59)
	at org.scalaide.util.eclipse.EclipseUtils$$anon$3.run(EclipseUtils.scala:214)
	at org.eclipse.core.runtime.SafeRunner.run(SafeRunner.java:42)
	at org.scalaide.util.eclipse.EclipseUtils$.withSafeRunner(EclipseUtils.scala:210)
	at org.scalaide.core.ScalaIdeDataStore$.validate(ScalaIdeDataStore.scala:58)
	at org.scalaide.core.internal.statistics.Statistics.readStats(Statistics.scala:51)
	at org.scalaide.core.internal.statistics.Statistics.<init>(Statistics.scala:30)
	at org.scalaide.core.internal.ScalaPlugin.stats$lzycompute(ScalaPlugin.scala:135)
	at org.scalaide.core.internal.ScalaPlugin.stats(ScalaPlugin.scala:135)
	at org.scalaide.core.internal.ScalaPlugin.statistics(ScalaPlugin.scala:138)
	at org.scalaide.core.internal.ScalaPlugin.start(ScalaPlugin.scala:109)
	at org.eclipse.osgi.internal.framework.BundleContextImpl$3.run(BundleContextImpl.java:771)
	at org.eclipse.osgi.internal.framework.BundleContextImpl$3.run(BundleContextImpl.java:1)
	at java.security.AccessController.doPrivileged(Native Method)
	at org.eclipse.osgi.internal.framework.BundleContextImpl.startActivator(BundleContextImpl.java:764)
	at org.eclipse.osgi.internal.framework.BundleContextImpl.start(BundleContextImpl.java:721)
	at org.eclipse.osgi.internal.framework.EquinoxBundle.startWorker0(EquinoxBundle.java:936)
	at org.eclipse.osgi.internal.framework.EquinoxBundle$EquinoxModule.startWorker(EquinoxBundle.java:319)
	at org.eclipse.osgi.container.Module.doStart(Module.java:571)
	at org.eclipse.osgi.container.Module.start(Module.java:439)
	at org.eclipse.osgi.framework.util.SecureAction.start(SecureAction.java:454)
	at org.eclipse.osgi.internal.hooks.EclipseLazyStarter.postFindLocalClass(EclipseLazyStarter.java:107)
	at org.eclipse.osgi.internal.loader.classpath.ClasspathManager.findLocalClass(ClasspathManager.java:531)
	at org.eclipse.osgi.internal.loader.ModuleClassLoader.findLocalClass(ModuleClassLoader.java:324)
	at org.eclipse.osgi.internal.loader.BundleLoader.findLocalClass(BundleLoader.java:320)
	at org.eclipse.osgi.internal.loader.BundleLoader.findClassInternal(BundleLoader.java:395)
	at org.eclipse.osgi.internal.loader.BundleLoader.findClass(BundleLoader.java:345)
	at org.eclipse.osgi.internal.loader.BundleLoader.findClass(BundleLoader.java:337)
	at org.eclipse.osgi.internal.loader.ModuleClassLoader.loadClass(ModuleClassLoader.java:160)
	at java.lang.ClassLoader.loadClass(ClassLoader.java:358)
	at org.eclipse.osgi.internal.framework.EquinoxBundle.loadClass(EquinoxBundle.java:568)
	at org.eclipse.core.internal.registry.osgi.RegistryStrategyOSGI.createExecutableExtension(RegistryStrategyOSGI.java:174)
	at org.eclipse.core.internal.registry.ExtensionRegistry.createExecutableExtension(ExtensionRegistry.java:905)
	at org.eclipse.core.internal.registry.ConfigurationElement.createExecutableExtension(ConfigurationElement.java:243)
	at org.eclipse.core.internal.registry.ConfigurationElementHandle.createExecutableExtension(ConfigurationElementHandle.java:55)
	at org.eclipse.core.internal.events.BuildManager.instantiateBuilder(BuildManager.java:907)
	at org.eclipse.core.internal.events.BuildManager.initializeBuilder(BuildManager.java:860)
	at org.eclipse.core.internal.events.BuildManager.getBuilder(BuildManager.java:545)
	at org.eclipse.core.internal.events.BuildManager.getBuilder(BuildManager.java:574)
	at org.eclipse.core.internal.events.BuildManager.basicBuild(BuildManager.java:244)
	at org.eclipse.core.internal.events.BuildManager$1.run(BuildManager.java:299)
	at org.eclipse.core.runtime.SafeRunner.run(SafeRunner.java:42)
	at org.eclipse.core.internal.events.BuildManager.basicBuild(BuildManager.java:302)
	at org.eclipse.core.internal.events.BuildManager.basicBuildLoop(BuildManager.java:358)
	at org.eclipse.core.internal.events.BuildManager.build(BuildManager.java:381)
	at org.eclipse.core.internal.events.AutoBuildJob.doBuild(AutoBuildJob.java:143)
	at org.eclipse.core.internal.events.AutoBuildJob.run(AutoBuildJob.java:241)
	at org.eclipse.core.internal.jobs.Worker.run(Worker.java:54)
Caused by: com.cedarsoftware.util.io.JsonIoException: EOF reached prematurely
	at com.cedarsoftware.util.io.JsonParser.error(JsonParser.java:584)
	at com.cedarsoftware.util.io.JsonParser.readValue(JsonParser.java:278)
	at com.cedarsoftware.util.io.JsonReader.readObject(JsonReader.java:521)
	... 53 more
2016-08-21 16:04:27,488  WARN [Worker-1] - ScalaProject - Project LearningScala has platform default sourceLevel.
2016-08-21 16:04:27,489  WARN [Worker-1] - ScalaProject - Project LearningScala runs on platform default installation.
2016-08-21 16:04:29,561  WARN [Worker-1] - ScalaProject - Project LearningScala has platform default sourceLevel.
2016-08-21 16:04:29,561  WARN [Worker-1] - ScalaProject - Project LearningScala runs on platform default installation.
2016-08-21 16:04:29,726  WARN [Worker-1] - ScalaProject - Project LearningScala has platform default sourceLevel.
2016-08-21 16:04:29,726  WARN [Worker-1] - ScalaProject - Project LearningScala runs on platform default installation.
2016-08-21 16:04:29,739  WARN [main] - ScalaProject - Project SparkStreamingExamples has platform default sourceLevel.
2016-08-21 16:04:29,741  WARN [main] - ScalaProject - Project SparkStreamingExamples runs on platform default installation.
2016-08-21 16:04:29,745  WARN [main] - ScalaProject - Project SparkStreamingExamples has platform default sourceLevel.
2016-08-21 16:04:29,745  WARN [main] - ScalaProject - Project SparkStreamingExamples runs on platform default installation.
2016-08-21 16:04:31,707  WARN [Worker-2] - ScalaProject - Project SparkStreamingExamples has platform default sourceLevel.
2016-08-21 16:04:31,707  WARN [Worker-2] - ScalaProject - Project SparkStreamingExamples runs on platform default installation.
2016-08-21 16:04:31,743  WARN [Worker-2] - ScalaProject - Project SparkStreamingExamples has platform default sourceLevel.
2016-08-21 16:04:31,744  WARN [Worker-2] - ScalaProject - Project SparkStreamingExamples runs on platform default installation.
